{"/Users/aske/github/stargaser/home_page_react/src/App.tsx": {"path":"/Users/aske/github/stargaser/home_page_react/src/App.tsx","statementMap":{"0":{"start":{"line":1,"column":0},"end":{"line":1,"column":69}},"1":{"start":{"line":3,"column":12},"end":{"line":10,"column":1}},"2":{"start":{"line":4,"column":2},"end":{"line":9,"column":4}},"3":{"start":{"line":12,"column":0},"end":{"line":12,"column":19}}},"fnMap":{"0":{"name":"(anonymous_1)","decl":{"start":{"line":3,"column":12},"end":{"line":3,"column":null}},"loc":{"start":{"line":3,"column":12},"end":{"line":10,"column":1}}}},"branchMap":{},"s":{"0":0,"1":0,"2":0,"3":0},"f":{"0":0},"b":{}}
,"/Users/aske/github/stargaser/home_page_react/src/main.tsx": {"path":"/Users/aske/github/stargaser/home_page_react/src/main.tsx","statementMap":{"0":{"start":{"line":1,"column":0},"end":{"line":1,"column":25}},"1":{"start":{"line":2,"column":0},"end":{"line":2,"column":39}},"2":{"start":{"line":3,"column":0},"end":{"line":3,"column":27}},"3":{"start":{"line":4,"column":0},"end":{"line":4,"column":20}},"4":{"start":{"line":5,"column":0},"end":{"line":5,"column":44}},"5":{"start":{"line":6,"column":0},"end":{"line":6,"column":31}},"6":{"start":{"line":8,"column":0},"end":{"line":14,"column":null}}},"fnMap":{},"branchMap":{},"s":{"0":0,"1":0,"2":0,"3":0,"4":0,"5":0,"6":0},"f":{},"b":{}}
,"/Users/aske/github/stargaser/home_page_react/src/theme.ts": {"path":"/Users/aske/github/stargaser/home_page_react/src/theme.ts","statementMap":{"0":{"start":{"line":2,"column":0},"end":{"line":2,"column":51}},"1":{"start":{"line":4,"column":14},"end":{"line":54,"column":2}},"2":{"start":{"line":56,"column":0},"end":{"line":56,"column":21}}},"fnMap":{},"branchMap":{},"s":{"0":0,"1":0,"2":0},"f":{},"b":{}}
,"/Users/aske/github/stargaser/home_page_react/src/vite-env.d.ts": {"path":"/Users/aske/github/stargaser/home_page_react/src/vite-env.d.ts","statementMap":{},"fnMap":{},"branchMap":{},"s":{},"f":{},"b":{}}
,"/Users/aske/github/stargaser/home_page_react/src/components/atoms/input/TextFormAtom.tsx": {"path":"/Users/aske/github/stargaser/home_page_react/src/components/atoms/input/TextFormAtom.tsx","statementMap":{"0":{"start":{"line":1,"column":0},"end":{"line":1,"column":46}},"1":{"start":{"line":2,"column":0},"end":{"line":2,"column":48}},"2":{"start":{"line":4,"column":24},"end":{"line":45,"column":3}},"3":{"start":{"line":4,"column":50},"end":{"line":4,"column":52}},"4":{"start":{"line":4,"column":57},"end":{"line":45,"column":3}},"5":{"start":{"line":47,"column":21},"end":{"line":56,"column":1}},"6":{"start":{"line":48,"column":2},"end":{"line":55,"column":4}},"7":{"start":{"line":58,"column":0},"end":{"line":58,"column":28}}},"fnMap":{"0":{"name":"(anonymous_1)","decl":{"start":{"line":4,"column":42},"end":{"line":4,"column":43}},"loc":{"start":{"line":4,"column":52},"end":{"line":4,"column":58}}},"1":{"name":"(anonymous_2)","decl":{"start":{"line":47,"column":21},"end":{"line":47,"column":null}},"loc":{"start":{"line":47,"column":21},"end":{"line":56,"column":1}}}},"branchMap":{},"s":{"0":1,"1":1,"2":1,"3":2,"4":2,"5":1,"6":2,"7":1},"f":{"0":2,"1":2},"b":{}}
,"/Users/aske/github/stargaser/home_page_react/src/components/molecules/card/CardMolecule.tsx": {"path":"/Users/aske/github/stargaser/home_page_react/src/components/molecules/card/CardMolecule.tsx","statementMap":{"0":{"start":{"line":1,"column":21},"end":{"line":3,"column":1}},"1":{"start":{"line":2,"column":2},"end":{"line":2,"column":23}},"2":{"start":{"line":5,"column":0},"end":{"line":5,"column":28}}},"fnMap":{"0":{"name":"(anonymous_0)","decl":{"start":{"line":1,"column":21},"end":{"line":1,"column":null}},"loc":{"start":{"line":1,"column":21},"end":{"line":3,"column":1}}}},"branchMap":{},"s":{"0":0,"1":0,"2":0},"f":{"0":0},"b":{}}
,"/Users/aske/github/stargaser/home_page_react/src/components/organisms/project/card/ProjectCardOrganism.tsx": {"path":"/Users/aske/github/stargaser/home_page_react/src/components/organisms/project/card/ProjectCardOrganism.tsx","statementMap":{"0":{"start":{"line":1,"column":28},"end":{"line":1,"column":null}},"1":{"start":{"line":1,"column":34},"end":{"line":3,"column":null}},"2":{"start":{"line":5,"column":0},"end":{"line":5,"column":35}}},"fnMap":{"0":{"name":"(anonymous_0)","decl":{"start":{"line":1,"column":28},"end":{"line":1,"column":34}},"loc":{"start":{"line":1,"column":28},"end":{"line":1,"column":null}}}},"branchMap":{},"s":{"0":0,"1":0,"2":0},"f":{"0":0},"b":{}}
,"/Users/aske/github/stargaser/home_page_react/src/components/templates/project/card/ProjectCardTemplate.tsx": {"path":"/Users/aske/github/stargaser/home_page_react/src/components/templates/project/card/ProjectCardTemplate.tsx","statementMap":{"0":{"start":{"line":1,"column":0},"end":{"line":1,"column":90}},"1":{"start":{"line":3,"column":28},"end":{"line":9,"column":1}},"2":{"start":{"line":4,"column":2},"end":{"line":8,"column":null}},"3":{"start":{"line":11,"column":0},"end":{"line":11,"column":35}}},"fnMap":{"0":{"name":"(anonymous_1)","decl":{"start":{"line":3,"column":28},"end":{"line":3,"column":null}},"loc":{"start":{"line":3,"column":28},"end":{"line":9,"column":1}}}},"branchMap":{},"s":{"0":0,"1":0,"2":0,"3":0},"f":{"0":0},"b":{}}
}
