{"/Users/aske/github/stargaser/home_page_react/src/App.tsx": {"path":"/Users/aske/github/stargaser/home_page_react/src/App.tsx","statementMap":{"0":{"start":{"line":1,"column":0},"end":{"line":1,"column":91}},"1":{"start":{"line":2,"column":0},"end":{"line":2,"column":87}},"2":{"start":{"line":3,"column":0},"end":{"line":3,"column":51}},"3":{"start":{"line":4,"column":0},"end":{"line":4,"column":57}},"4":{"start":{"line":5,"column":0},"end":{"line":5,"column":59}},"5":{"start":{"line":13,"column":23},"end":{"line":13,"column":25}},"6":{"start":{"line":13,"column":27},"end":{"line":13,"column":29}},"7":{"start":{"line":13,"column":34},"end":{"line":13,"column":49}},"8":{"start":{"line":14,"column":2},"end":{"line":21,"column":4}},"9":{"start":{"line":25,"column":19},"end":{"line":25,"column":32}},"10":{"start":{"line":26,"column":15},"end":{"line":26,"column":32}},"11":{"start":{"line":28,"column":2},"end":{"line":36,"column":4}},"12":{"start":{"line":39,"column":12},"end":{"line":64,"column":1}},"13":{"start":{"line":40,"column":2},"end":{"line":63,"column":4}},"14":{"start":{"line":66,"column":0},"end":{"line":66,"column":19}}},"fnMap":{"0":{"name":"LinkTab","decl":{"start":{"line":13,"column":9},"end":{"line":13,"column":16}},"loc":{"start":{"line":13,"column":49},"end":{"line":22,"column":1}}},"1":{"name":"NavTabs","decl":{"start":{"line":24,"column":9},"end":{"line":24,"column":16}},"loc":{"start":{"line":24,"column":16},"end":{"line":37,"column":1}}},"2":{"name":"(anonymous_3)","decl":{"start":{"line":39,"column":12},"end":{"line":39,"column":null}},"loc":{"start":{"line":39,"column":12},"end":{"line":64,"column":1}}}},"branchMap":{},"s":{"0":0,"1":0,"2":0,"3":0,"4":0,"5":0,"6":0,"7":0,"8":0,"9":0,"10":0,"11":0,"12":0,"13":0,"14":0},"f":{"0":0,"1":0,"2":0},"b":{}}
,"/Users/aske/github/stargaser/home_page_react/src/main.tsx": {"path":"/Users/aske/github/stargaser/home_page_react/src/main.tsx","statementMap":{"0":{"start":{"line":1,"column":0},"end":{"line":1,"column":26}},"1":{"start":{"line":2,"column":0},"end":{"line":2,"column":40}},"2":{"start":{"line":3,"column":0},"end":{"line":3,"column":24}},"3":{"start":{"line":4,"column":0},"end":{"line":4,"column":21}},"4":{"start":{"line":5,"column":0},"end":{"line":5,"column":53}},"5":{"start":{"line":6,"column":0},"end":{"line":6,"column":28}},"6":{"start":{"line":8,"column":0},"end":{"line":14,"column":2}}},"fnMap":{},"branchMap":{},"s":{"0":0,"1":0,"2":0,"3":0,"4":0,"5":0,"6":0},"f":{},"b":{}}
,"/Users/aske/github/stargaser/home_page_react/src/theme.ts": {"path":"/Users/aske/github/stargaser/home_page_react/src/theme.ts","statementMap":{"0":{"start":{"line":2,"column":0},"end":{"line":2,"column":51}},"1":{"start":{"line":4,"column":14},"end":{"line":54,"column":2}},"2":{"start":{"line":56,"column":0},"end":{"line":56,"column":21}}},"fnMap":{},"branchMap":{},"s":{"0":0,"1":0,"2":0},"f":{},"b":{}}
,"/Users/aske/github/stargaser/home_page_react/src/vite-env.d.ts": {"path":"/Users/aske/github/stargaser/home_page_react/src/vite-env.d.ts","statementMap":{},"fnMap":{},"branchMap":{},"s":{},"f":{},"b":{}}
,"/Users/aske/github/stargaser/home_page_react/src/components/atoms/textform/TextFormAtom.tsx": {"path":"/Users/aske/github/stargaser/home_page_react/src/components/atoms/textform/TextFormAtom.tsx","statementMap":{"0":{"start":{"line":1,"column":0},"end":{"line":1,"column":46}},"1":{"start":{"line":2,"column":0},"end":{"line":2,"column":48}},"2":{"start":{"line":5,"column":24},"end":{"line":46,"column":3}},"3":{"start":{"line":5,"column":50},"end":{"line":5,"column":52}},"4":{"start":{"line":5,"column":57},"end":{"line":46,"column":3}},"5":{"start":{"line":55,"column":50},"end":{"line":66,"column":1}},"6":{"start":{"line":55,"column":58},"end":{"line":55,"column":60}},"7":{"start":{"line":55,"column":68},"end":{"line":55,"column":70}},"8":{"start":{"line":55,"column":81},"end":{"line":55,"column":83}},"9":{"start":{"line":55,"column":83},"end":{"line":55,"column":88}},"10":{"start":{"line":55,"column":88},"end":{"line":55,"column":100}},"11":{"start":{"line":56,"column":2},"end":{"line":65,"column":4}},"12":{"start":{"line":68,"column":0},"end":{"line":68,"column":28}}},"fnMap":{"0":{"name":"(anonymous_1)","decl":{"start":{"line":5,"column":42},"end":{"line":5,"column":43}},"loc":{"start":{"line":5,"column":52},"end":{"line":5,"column":58}}},"1":{"name":"(anonymous_2)","decl":{"start":{"line":55,"column":50},"end":{"line":55,"column":51}},"loc":{"start":{"line":55,"column":100},"end":{"line":66,"column":1}}}},"branchMap":{"0":{"loc":{"start":{"line":55,"column":88},"end":{"line":55,"column":100}},"type":"cond-expr","locations":[{"start":{"line":55,"column":91},"end":{"line":55,"column":98}},{"start":{"line":55,"column":98},"end":{"line":55,"column":100}}]}},"s":{"0":1,"1":1,"2":1,"3":1,"4":1,"5":1,"6":1,"7":1,"8":1,"9":1,"10":1,"11":1,"12":1},"f":{"0":1,"1":1},"b":{"0":[1,0]}}
,"/Users/aske/github/stargaser/home_page_react/src/components/molecules/card/CardMolecule.tsx": {"path":"/Users/aske/github/stargaser/home_page_react/src/components/molecules/card/CardMolecule.tsx","statementMap":{"0":{"start":{"line":1,"column":21},"end":{"line":3,"column":1}},"1":{"start":{"line":2,"column":2},"end":{"line":2,"column":23}},"2":{"start":{"line":5,"column":0},"end":{"line":5,"column":28}}},"fnMap":{"0":{"name":"(anonymous_0)","decl":{"start":{"line":1,"column":21},"end":{"line":1,"column":null}},"loc":{"start":{"line":1,"column":21},"end":{"line":3,"column":1}}}},"branchMap":{},"s":{"0":0,"1":0,"2":0},"f":{"0":0},"b":{}}
,"/Users/aske/github/stargaser/home_page_react/src/components/organisms/project/card/ProjectCardOrganism.tsx": {"path":"/Users/aske/github/stargaser/home_page_react/src/components/organisms/project/card/ProjectCardOrganism.tsx","statementMap":{"0":{"start":{"line":1,"column":28},"end":{"line":1,"column":null}},"1":{"start":{"line":1,"column":34},"end":{"line":3,"column":null}},"2":{"start":{"line":5,"column":0},"end":{"line":5,"column":35}}},"fnMap":{"0":{"name":"(anonymous_0)","decl":{"start":{"line":1,"column":28},"end":{"line":1,"column":34}},"loc":{"start":{"line":1,"column":28},"end":{"line":1,"column":null}}}},"branchMap":{},"s":{"0":0,"1":0,"2":0},"f":{"0":0},"b":{}}
,"/Users/aske/github/stargaser/home_page_react/src/components/pages/HomePage.tsx": {"path":"/Users/aske/github/stargaser/home_page_react/src/components/pages/HomePage.tsx","statementMap":{"0":{"start":{"line":1,"column":17},"end":{"line":7,"column":1}},"1":{"start":{"line":2,"column":2},"end":{"line":6,"column":4}},"2":{"start":{"line":9,"column":0},"end":{"line":9,"column":24}}},"fnMap":{"0":{"name":"(anonymous_0)","decl":{"start":{"line":1,"column":17},"end":{"line":1,"column":null}},"loc":{"start":{"line":1,"column":17},"end":{"line":7,"column":1}}}},"branchMap":{},"s":{"0":0,"1":0,"2":0},"f":{"0":0},"b":{}}
,"/Users/aske/github/stargaser/home_page_react/src/components/pages/NotFoundPage.tsx": {"path":"/Users/aske/github/stargaser/home_page_react/src/components/pages/NotFoundPage.tsx","statementMap":{"0":{"start":{"line":1,"column":21},"end":{"line":7,"column":1}},"1":{"start":{"line":2,"column":2},"end":{"line":6,"column":4}},"2":{"start":{"line":9,"column":0},"end":{"line":9,"column":28}}},"fnMap":{"0":{"name":"(anonymous_0)","decl":{"start":{"line":1,"column":21},"end":{"line":1,"column":null}},"loc":{"start":{"line":1,"column":21},"end":{"line":7,"column":1}}}},"branchMap":{},"s":{"0":0,"1":0,"2":0},"f":{"0":0},"b":{}}
,"/Users/aske/github/stargaser/home_page_react/src/components/pages/ProjectPage.tsx": {"path":"/Users/aske/github/stargaser/home_page_react/src/components/pages/ProjectPage.tsx","statementMap":{"0":{"start":{"line":2,"column":0},"end":{"line":2,"column":58}},"1":{"start":{"line":4,"column":20},"end":{"line":14,"column":1}},"2":{"start":{"line":7,"column":2},"end":{"line":13,"column":4}},"3":{"start":{"line":16,"column":0},"end":{"line":16,"column":27}}},"fnMap":{"0":{"name":"(anonymous_1)","decl":{"start":{"line":4,"column":20},"end":{"line":4,"column":null}},"loc":{"start":{"line":4,"column":20},"end":{"line":14,"column":1}}},"1":{"name":"(anonymous_2)","decl":{"start":{"line":10,"column":45},"end":{"line":10,"column":55}},"loc":{"start":{"line":10,"column":87},"end":{"line":11,"column":7}}}},"branchMap":{},"s":{"0":0,"1":0,"2":0,"3":0},"f":{"0":0,"1":0},"b":{}}
,"/Users/aske/github/stargaser/home_page_react/src/components/templates/project/card/ProjectCardTemplate.tsx": {"path":"/Users/aske/github/stargaser/home_page_react/src/components/templates/project/card/ProjectCardTemplate.tsx","statementMap":{"0":{"start":{"line":1,"column":0},"end":{"line":1,"column":90}},"1":{"start":{"line":3,"column":28},"end":{"line":9,"column":1}},"2":{"start":{"line":4,"column":2},"end":{"line":8,"column":null}},"3":{"start":{"line":11,"column":0},"end":{"line":11,"column":35}}},"fnMap":{"0":{"name":"(anonymous_1)","decl":{"start":{"line":3,"column":28},"end":{"line":3,"column":null}},"loc":{"start":{"line":3,"column":28},"end":{"line":9,"column":1}}}},"branchMap":{},"s":{"0":0,"1":0,"2":0,"3":0},"f":{"0":0},"b":{}}
}
